#
# A fatal error has been detected by the Java Runtime Environment:
#
#  SIGSEGV (0xb) at pc=0x00007fd71fdf027c, pid=22601, tid=22607
#
# JRE version: OpenJDK Runtime Environment (11.0.13) (build 11.0.13+0-b1751.21-8125866)
# Java VM: OpenJDK 64-Bit Server VM (11.0.13+0-b1751.21-8125866, mixed mode, tiered, compressed oops, g1 gc, linux-amd64)
# Problematic frame:
# C  [libc.so.6+0xa427c]
[timeout occurred during error reporting in step "printing problematic frame"] after 30 s.
# Core dump will be written. Default location: Core dumps may be processed with "/usr/share/apport/apport -p%p -s%s -c%c -d%d -P%P -u%u -g%g -- %E" (or dumping to /home/lakshaychauhan/Lakshay/Projects/Games/Colosseum of Tanks/core.22601)
#
# If you would like to submit a bug report, please visit:
#   https://bugreport.java.com/bugreport/crash.jsp
# The crash happened outside the Java Virtual Machine in native code.
# See problematic frame for where to report the bug.
#

---------------  S U M M A R Y ------------

Command Line: -Dfile.encoding=UTF-8 -Duser.country=IN -Duser.language=en -Duser.variant com.mygdx.colosseum_of_tanks.DesktopLauncher

Host: 11th Gen Intel(R) Core(TM) i5-1135G7 @ 2.40GHz, 8 cores, 7G, 
[timeout occurred during error reporting in step "printing summary machine and OS info"] after 30 s.
Time: Sat Nov 19 22:43:46 2022 IST elapsed time: 94.699889 seconds (0d 0h 1m 34s)

---------------  T H R E A D  ---------------

Current thread (0x00007fd718017800):  JavaThread "main" [_thread_in_native, id=22607, stack(0x00007fd71ea6f000,0x00007fd71eb6f000)]

Stack: [0x00007fd71ea6f000,0x00007fd71eb6f000],  sp=0x00007fd71eb6d290,  free space=1016k
Native frames: (J=compiled Java code, A=aot compiled Java code, j=interpreted, Vv=VM code, C=native code)
C  [libc.so.6+0xa427c]
------ Timeout during error reporting after 120 s. ------
